<?xml version="1.0" encoding="UTF-8"?>
<testsuite name="testUI.LoginTest" tests="1" skipped="0" failures="0" errors="0" timestamp="2022-07-25T14:33:13" hostname="DESKTOP-76SE77B" time="17.292">
  <properties/>
  <testcase name="verifyLoginIsSuccessfully()" classname="testUI.LoginTest" time="17.292"/>
  <system-out><![CDATA[]]></system-out>
  <system-err><![CDATA[SLF4J: Failed to load class "org.slf4j.impl.StaticLoggerBinder".
SLF4J: Defaulting to no-operation (NOP) logger implementation
SLF4J: See http://www.slf4j.org/codes.html#StaticLoggerBinder for further details.
Starting ChromeDriver 103.0.5060.53 (a1711811edd74ff1cf2150f36ffa3b0dae40b17f-refs/branch-heads/5060@{#853}) on port 57161
Only local connections are allowed.
Please see https://chromedriver.chromium.org/security-considerations for suggestions on keeping ChromeDriver safe.
ChromeDriver was started successfully.
jul. 25, 2022 10:33:21 A. M. org.openqa.selenium.remote.ProtocolHandshake createSession
INFORMACIÓN: Detected upstream dialect: W3C
jul. 25, 2022 10:33:22 A. M. org.openqa.selenium.devtools.CdpVersionFinder findNearestMatch
INFORMACIÓN: Found exact CDP implementation for version 103
]]></system-err>
</testsuite>
